# JRE version: Java(TM) SE Runtime Environment (8.0_131-b11) (build 1.8.0_131-b11)
# Java VM: Java HotSpot(TM) 64-Bit Server VM (25.131-b11 mixed mode linux-amd64 compressed oops)
Heap:
 PSYoungGen      total 252416K, used 7668K [0x00000000eb800000, 0x00000000fc100000, 0x0000000100000000)
  eden space 233472K, 0% used [0x00000000eb800000,0x00000000eb800000,0x00000000f9c00000)
  from space 18944K, 40% used [0x00000000f9c00000,0x00000000fa37d148,0x00000000fae80000)
  to   space 12800K, 0% used [0x00000000fb480000,0x00000000fb480000,0x00000000fc100000)
 ParOldGen       total 57344K, used 45547K [0x00000000c2800000, 0x00000000c6000000, 0x00000000eb800000)
  object space 57344K, 79% used [0x00000000c2800000,0x00000000c547ad58,0x00000000c6000000)
 Metaspace       used 50146K, capacity 50600K, committed 51072K, reserved 1093632K
  class space    used 6340K, capacity 6459K, committed 6528K, reserved 1048576K
GC Heap History (10 events):
Event: 6.293 GC heap after
Heap after GC invocations=12 (full 2):
 PSYoungGen      total 161280K, used 0K [0x00000000eb800000, 0x00000000f7b80000, 0x0000000100000000)
  eden space 150528K, 0% used [0x00000000eb800000,0x00000000eb800000,0x00000000f4b00000)
  from space 10752K, 0% used [0x00000000f5600000,0x00000000f5600000,0x00000000f6080000)
  to   space 11264K, 0% used [0x00000000f4b00000,0x00000000f4b00000,0x00000000f5600000)
 ParOldGen       total 57344K, used 21947K [0x00000000c2800000, 0x00000000c6000000, 0x00000000eb800000)
  object space 57344K, 38% used [0x00000000c2800000,0x00000000c3d6eca8,0x00000000c6000000)
 Metaspace       used 34866K, capacity 35206K, committed 35496K, reserved 1081344K
  class space    used 4403K, capacity 4514K, committed 4608K, reserved 1048576K
}
Event: 7.787 GC heap before
{Heap before GC invocations=13 (full 2):
 PSYoungGen      total 161280K, used 150528K [0x00000000eb800000, 0x00000000f7b80000, 0x0000000100000000)
  eden space 150528K, 100% used [0x00000000eb800000,0x00000000f4b00000,0x00000000f4b00000)
  from space 10752K, 0% used [0x00000000f5600000,0x00000000f5600000,0x00000000f6080000)
  to   space 11264K, 0% used [0x00000000f4b00000,0x00000000f4b00000,0x00000000f5600000)
 ParOldGen       total 57344K, used 21947K [0x00000000c2800000, 0x00000000c6000000, 0x00000000eb800000)
  object space 57344K, 38% used [0x00000000c2800000,0x00000000c3d6eca8,0x00000000c6000000)
 Metaspace       used 43824K, capacity 44188K, committed 44544K, reserved 1087488K
  class space    used 5662K, capacity 5771K, committed 5888K, reserved 1048576K
Event: 7.810 GC heap after
Heap after GC invocations=13 (full 2):
 PSYoungGen      total 161792K, used 11258K [0x00000000eb800000, 0x00000000f9480000, 0x0000000100000000)
  eden space 150528K, 0% used [0x00000000eb800000,0x00000000eb800000,0x00000000f4b00000)
  from space 11264K, 99% used [0x00000000f4b00000,0x00000000f55fe920,0x00000000f5600000)
  to   space 13824K, 0% used [0x00000000f8700000,0x00000000f8700000,0x00000000f9480000)
 ParOldGen       total 57344K, used 24761K [0x00000000c2800000, 0x00000000c6000000, 0x00000000eb800000)
  object space 57344K, 43% used [0x00000000c2800000,0x00000000c402e780,0x00000000c6000000)
 Metaspace       used 43824K, capacity 44188K, committed 44544K, reserved 1087488K
  class space    used 5662K, capacity 5771K, committed 5888K, reserved 1048576K
}
Event: 31.249 GC heap before
{Heap before GC invocations=14 (full 2):
 PSYoungGen      total 161792K, used 161786K [0x00000000eb800000, 0x00000000f9480000, 0x0000000100000000)
  eden space 150528K, 100% used [0x00000000eb800000,0x00000000f4b00000,0x00000000f4b00000)
  from space 11264K, 99% used [0x00000000f4b00000,0x00000000f55fe920,0x00000000f5600000)
  to   space 13824K, 0% used [0x00000000f8700000,0x00000000f8700000,0x00000000f9480000)
 ParOldGen       total 57344K, used 24761K [0x00000000c2800000, 0x00000000c6000000, 0x00000000eb800000)
  object space 57344K, 43% used [0x00000000c2800000,0x00000000c402e780,0x00000000c6000000)
 Metaspace       used 49586K, capacity 50050K, committed 50560K, reserved 1093632K
  class space    used 6328K, capacity 6426K, committed 6528K, reserved 1048576K
Event: 31.279 GC heap after
Heap after GC invocations=14 (full 2):
 PSYoungGen      total 200704K, used 7956K [0x00000000eb800000, 0x00000000f8f00000, 0x0000000100000000)
  eden space 192512K, 0% used [0x00000000eb800000,0x00000000eb800000,0x00000000f7400000)
  from space 8192K, 97% used [0x00000000f8700000,0x00000000f8ec50c8,0x00000000f8f00000)
  to   space 13824K, 0% used [0x00000000f7400000,0x00000000f7400000,0x00000000f8180000)
 ParOldGen       total 57344K, used 30029K [0x00000000c2800000, 0x00000000c6000000, 0x00000000eb800000)
  object space 57344K, 52% used [0x00000000c2800000,0x00000000c4553420,0x00000000c6000000)
 Metaspace       used 49586K, capacity 50050K, committed 50560K, reserved 1093632K
  class space    used 6328K, capacity 6426K, committed 6528K, reserved 1048576K
}
Event: 40.167 GC heap before
{Heap before GC invocations=15 (full 2):
 PSYoungGen      total 200704K, used 200468K [0x00000000eb800000, 0x00000000f8f00000, 0x0000000100000000)
  eden space 192512K, 100% used [0x00000000eb800000,0x00000000f7400000,0x00000000f7400000)
  from space 8192K, 97% used [0x00000000f8700000,0x00000000f8ec50c8,0x00000000f8f00000)
  to   space 13824K, 0% used [0x00000000f7400000,0x00000000f7400000,0x00000000f8180000)
 ParOldGen       total 57344K, used 30029K [0x00000000c2800000, 0x00000000c6000000, 0x00000000eb800000)
  object space 57344K, 52% used [0x00000000c2800000,0x00000000c4553420,0x00000000c6000000)
 Metaspace       used 49905K, capacity 50402K, committed 50816K, reserved 1093632K
  class space    used 6339K, capacity 6458K, committed 6528K, reserved 1048576K
Event: 40.193 GC heap after
Heap after GC invocations=15 (full 2):
 PSYoungGen      total 206336K, used 13815K [0x00000000eb800000, 0x00000000fc780000, 0x0000000100000000)
  eden space 192512K, 0% used [0x00000000eb800000,0x00000000eb800000,0x00000000f7400000)
  from space 13824K, 99% used [0x00000000f7400000,0x00000000f817dcd8,0x00000000f8180000)
  to   space 19456K, 0% used [0x00000000fb480000,0x00000000fb480000,0x00000000fc780000)
 ParOldGen       total 57344K, used 41074K [0x00000000c2800000, 0x00000000c6000000, 0x00000000eb800000)
  object space 57344K, 71% used [0x00000000c2800000,0x00000000c501cac8,0x00000000c6000000)
 Metaspace       used 49905K, capacity 50402K, committed 50816K, reserved 1093632K
  class space    used 6339K, capacity 6458K, committed 6528K, reserved 1048576K
}
Event: 57.999 GC heap before
{Heap before GC invocations=16 (full 2):
 PSYoungGen      total 206336K, used 206327K [0x00000000eb800000, 0x00000000fc780000, 0x0000000100000000)
  eden space 192512K, 100% used [0x00000000eb800000,0x00000000f7400000,0x00000000f7400000)
  from space 13824K, 99% used [0x00000000f7400000,0x00000000f817dcd8,0x00000000f8180000)
  to   space 19456K, 0% used [0x00000000fb480000,0x00000000fb480000,0x00000000fc780000)
 ParOldGen       total 57344K, used 41074K [0x00000000c2800000, 0x00000000c6000000, 0x00000000eb800000)
  object space 57344K, 71% used [0x00000000c2800000,0x00000000c501cac8,0x00000000c6000000)
 Metaspace       used 49981K, capacity 50466K, committed 50816K, reserved 1093632K
  class space    used 6339K, capacity 6458K, committed 6528K, reserved 1048576K
Event: 58.084 GC heap after
Heap after GC invocations=16 (full 2):
 PSYoungGen      total 246272K, used 5512K [0x00000000eb800000, 0x00000000fc100000, 0x0000000100000000)
  eden space 233472K, 0% used [0x00000000eb800000,0x00000000eb800000,0x00000000f9c00000)
  from space 12800K, 43% used [0x00000000fb480000,0x00000000fb9e21b0,0x00000000fc100000)
  to   space 18944K, 0% used [0x00000000f9c00000,0x00000000f9c00000,0x00000000fae80000)
 ParOldGen       total 57344K, used 45539K [0x00000000c2800000, 0x00000000c6000000, 0x00000000eb800000)
  object space 57344K, 79% used [0x00000000c2800000,0x00000000c5478d58,0x00000000c6000000)
 Metaspace       used 49981K, capacity 50466K, committed 50816K, reserved 1093632K
  class space    used 6339K, capacity 6458K, committed 6528K, reserved 1048576K
}
Event: 89.240 GC heap before
{Heap before GC invocations=17 (full 2):
 PSYoungGen      total 246272K, used 238984K [0x00000000eb800000, 0x00000000fc100000, 0x0000000100000000)
  eden space 233472K, 100% used [0x00000000eb800000,0x00000000f9c00000,0x00000000f9c00000)
  from space 12800K, 43% used [0x00000000fb480000,0x00000000fb9e21b0,0x00000000fc100000)
  to   space 18944K, 0% used [0x00000000f9c00000,0x00000000f9c00000,0x00000000fae80000)
 ParOldGen       total 57344K, used 45539K [0x00000000c2800000, 0x00000000c6000000, 0x00000000eb800000)
  object space 57344K, 79% used [0x00000000c2800000,0x00000000c5478d58,0x00000000c6000000)
 Metaspace       used 50146K, capacity 50600K, committed 51072K, reserved 1093632K
  class space    used 6340K, capacity 6459K, committed 6528K, reserved 1048576K

