# JRE version: Java(TM) SE Runtime Environment (8.0_131-b11) (build 1.8.0_131-b11)
# Java VM: Java HotSpot(TM) 64-Bit Server VM (25.131-b11 mixed mode linux-amd64 compressed oops)
Heap:
 PSYoungGen      total 457216K, used 0K [0x00000000e1000000, 0x0000000100000000, 0x0000000100000000)
  eden space 429056K, 0% used [0x00000000e1000000,0x00000000e1000000,0x00000000fb300000)
  from space 28160K, 0% used [0x00000000fb300000,0x00000000fb300000,0x00000000fce80000)
  to   space 43008K, 0% used [0x00000000fd600000,0x00000000fd600000,0x0000000100000000)
 ParOldGen       total 246272K, used 107395K [0x00000000a3000000, 0x00000000b2080000, 0x00000000e1000000)
  object space 246272K, 43% used [0x00000000a3000000,0x00000000a98e0ec8,0x00000000b2080000)
 Metaspace       used 48988K, capacity 49458K, committed 49664K, reserved 1093632K
  class space    used 6236K, capacity 6354K, committed 6400K, reserved 1048576K
GC Heap History (10 events):
Event: 62.983 GC heap after
Heap after GC invocations=116 (full 7):
 PSYoungGen      total 491008K, used 279K [0x00000000e1000000, 0x00000000ffd00000, 0x0000000100000000)
  eden space 478208K, 0% used [0x00000000e1000000,0x00000000e1000000,0x00000000fe300000)
  from space 12800K, 2% used [0x00000000fe300000,0x00000000fe345ec8,0x00000000fef80000)
  to   space 11776K, 0% used [0x00000000ff180000,0x00000000ff180000,0x00000000ffd00000)
 ParOldGen       total 246272K, used 25178K [0x00000000a3000000, 0x00000000b2080000, 0x00000000e1000000)
  object space 246272K, 10% used [0x00000000a3000000,0x00000000a48969b0,0x00000000b2080000)
 Metaspace       used 48988K, capacity 49458K, committed 49664K, reserved 1093632K
  class space    used 6236K, capacity 6354K, committed 6400K, reserved 1048576K
}
Event: 63.569 GC heap before
{Heap before GC invocations=117 (full 7):
 PSYoungGen      total 491008K, used 478487K [0x00000000e1000000, 0x00000000ffd00000, 0x0000000100000000)
  eden space 478208K, 100% used [0x00000000e1000000,0x00000000fe300000,0x00000000fe300000)
  from space 12800K, 2% used [0x00000000fe300000,0x00000000fe345ec8,0x00000000fef80000)
  to   space 11776K, 0% used [0x00000000ff180000,0x00000000ff180000,0x00000000ffd00000)
 ParOldGen       total 246272K, used 25178K [0x00000000a3000000, 0x00000000b2080000, 0x00000000e1000000)
  object space 246272K, 10% used [0x00000000a3000000,0x00000000a48969b0,0x00000000b2080000)
 Metaspace       used 48988K, capacity 49458K, committed 49664K, reserved 1093632K
  class space    used 6236K, capacity 6354K, committed 6400K, reserved 1048576K
Event: 63.581 GC heap after
Heap after GC invocations=117 (full 7):
 PSYoungGen      total 494080K, used 314K [0x00000000e1000000, 0x00000000ffd00000, 0x0000000100000000)
  eden space 482304K, 0% used [0x00000000e1000000,0x00000000e1000000,0x00000000fe700000)
  from space 11776K, 2% used [0x00000000ff180000,0x00000000ff1ce8f0,0x00000000ffd00000)
  to   space 10752K, 0% used [0x00000000fe700000,0x00000000fe700000,0x00000000ff180000)
 ParOldGen       total 246272K, used 70378K [0x00000000a3000000, 0x00000000b2080000, 0x00000000e1000000)
  object space 246272K, 28% used [0x00000000a3000000,0x00000000a74baa38,0x00000000b2080000)
 Metaspace       used 48988K, capacity 49458K, committed 49664K, reserved 1093632K
  class space    used 6236K, capacity 6354K, committed 6400K, reserved 1048576K
}
Event: 64.575 GC heap before
{Heap before GC invocations=118 (full 7):
 PSYoungGen      total 494080K, used 482618K [0x00000000e1000000, 0x00000000ffd00000, 0x0000000100000000)
  eden space 482304K, 100% used [0x00000000e1000000,0x00000000fe700000,0x00000000fe700000)
  from space 11776K, 2% used [0x00000000ff180000,0x00000000ff1ce8f0,0x00000000ffd00000)
  to   space 10752K, 0% used [0x00000000fe700000,0x00000000fe700000,0x00000000ff180000)
 ParOldGen       total 246272K, used 70378K [0x00000000a3000000, 0x00000000b2080000, 0x00000000e1000000)
  object space 246272K, 28% used [0x00000000a3000000,0x00000000a74baa38,0x00000000b2080000)
 Metaspace       used 48988K, capacity 49458K, committed 49664K, reserved 1093632K
  class space    used 6236K, capacity 6354K, committed 6400K, reserved 1048576K
Event: 64.592 GC heap after
Heap after GC invocations=118 (full 7):
 PSYoungGen      total 493056K, used 10746K [0x00000000e1000000, 0x0000000100000000, 0x0000000100000000)
  eden space 482304K, 0% used [0x00000000e1000000,0x00000000e1000000,0x00000000fe700000)
  from space 10752K, 99% used [0x00000000fe700000,0x00000000ff17e940,0x00000000ff180000)
  to   space 14848K, 0% used [0x00000000ff180000,0x00000000ff180000,0x0000000100000000)
 ParOldGen       total 246272K, used 109032K [0x00000000a3000000, 0x00000000b2080000, 0x00000000e1000000)
  object space 246272K, 44% used [0x00000000a3000000,0x00000000a9a7a200,0x00000000b2080000)
 Metaspace       used 48988K, capacity 49458K, committed 49664K, reserved 1093632K
  class space    used 6236K, capacity 6354K, committed 6400K, reserved 1048576K
}
Event: 66.949 GC heap before
{Heap before GC invocations=119 (full 7):
 PSYoungGen      total 493056K, used 493050K [0x00000000e1000000, 0x0000000100000000, 0x0000000100000000)
  eden space 482304K, 100% used [0x00000000e1000000,0x00000000fe700000,0x00000000fe700000)
  from space 10752K, 99% used [0x00000000fe700000,0x00000000ff17e940,0x00000000ff180000)
  to   space 14848K, 0% used [0x00000000ff180000,0x00000000ff180000,0x0000000100000000)
 ParOldGen       total 246272K, used 109032K [0x00000000a3000000, 0x00000000b2080000, 0x00000000e1000000)
  object space 246272K, 44% used [0x00000000a3000000,0x00000000a9a7a200,0x00000000b2080000)
 Metaspace       used 48988K, capacity 49458K, committed 49664K, reserved 1093632K
  class space    used 6236K, capacity 6354K, committed 6400K, reserved 1048576K
Event: 66.964 GC heap after
Heap after GC invocations=119 (full 7):
 PSYoungGen      total 443904K, used 14848K [0x00000000e1000000, 0x0000000100000000, 0x0000000100000000)
  eden space 429056K, 0% used [0x00000000e1000000,0x00000000e1000000,0x00000000fb300000)
  from space 14848K, 100% used [0x00000000ff180000,0x0000000100000000,0x0000000100000000)
  to   space 39424K, 0% used [0x00000000fb300000,0x00000000fb300000,0x00000000fd980000)
 ParOldGen       total 246272K, used 137091K [0x00000000a3000000, 0x00000000b2080000, 0x00000000e1000000)
  object space 246272K, 55% used [0x00000000a3000000,0x00000000ab5e0e20,0x00000000b2080000)
 Metaspace       used 48988K, capacity 49458K, committed 49664K, reserved 1093632K
  class space    used 6236K, capacity 6354K, committed 6400K, reserved 1048576K
}
Event: 68.726 GC heap before
{Heap before GC invocations=120 (full 7):
 PSYoungGen      total 443904K, used 443904K [0x00000000e1000000, 0x0000000100000000, 0x0000000100000000)
  eden space 429056K, 100% used [0x00000000e1000000,0x00000000fb300000,0x00000000fb300000)
  from space 14848K, 100% used [0x00000000ff180000,0x0000000100000000,0x0000000100000000)
  to   space 39424K, 0% used [0x00000000fb300000,0x00000000fb300000,0x00000000fd980000)
 ParOldGen       total 246272K, used 137091K [0x00000000a3000000, 0x00000000b2080000, 0x00000000e1000000)
  object space 246272K, 55% used [0x00000000a3000000,0x00000000ab5e0e20,0x00000000b2080000)
 Metaspace       used 48988K, capacity 49458K, committed 49664K, reserved 1093632K
  class space    used 6236K, capacity 6354K, committed 6400K, reserved 1048576K
Event: 68.748 GC heap after
Heap after GC invocations=120 (full 7):
 PSYoungGen      total 457216K, used 28096K [0x00000000e1000000, 0x0000000100000000, 0x0000000100000000)
  eden space 429056K, 0% used [0x00000000e1000000,0x00000000e1000000,0x00000000fb300000)
  from space 28160K, 99% used [0x00000000fb300000,0x00000000fce70160,0x00000000fce80000)
  to   space 43008K, 0% used [0x00000000fd600000,0x00000000fd600000,0x0000000100000000)
 ParOldGen       total 246272K, used 204202K [0x00000000a3000000, 0x00000000b2080000, 0x00000000e1000000)
  object space 246272K, 82% used [0x00000000a3000000,0x00000000af76abd0,0x00000000b2080000)
 Metaspace       used 48988K, capacity 49458K, committed 49664K, reserved 1093632K
  class space    used 6236K, capacity 6354K, committed 6400K, reserved 1048576K
}
Event: 68.762 GC heap before
{Heap before GC invocations=121 (full 8):
 PSYoungGen      total 457216K, used 28096K [0x00000000e1000000, 0x0000000100000000, 0x0000000100000000)
  eden space 429056K, 0% used [0x00000000e1000000,0x00000000e1000000,0x00000000fb300000)
  from space 28160K, 99% used [0x00000000fb300000,0x00000000fce70160,0x00000000fce80000)
  to   space 43008K, 0% used [0x00000000fd600000,0x00000000fd600000,0x0000000100000000)
 ParOldGen       total 246272K, used 204202K [0x00000000a3000000, 0x00000000b2080000, 0x00000000e1000000)
  object space 246272K, 82% used [0x00000000a3000000,0x00000000af76abd0,0x00000000b2080000)
 Metaspace       used 48988K, capacity 49458K, committed 49664K, reserved 1093632K
  class space    used 6236K, capacity 6354K, committed 6400K, reserved 1048576K

