# JRE version: Java(TM) SE Runtime Environment (8.0_131-b11) (build 1.8.0_131-b11)
# Java VM: Java HotSpot(TM) 64-Bit Server VM (25.131-b11 mixed mode linux-amd64 compressed oops)
Heap:
 PSYoungGen      total 210944K, used 3437K [0x00000000eb800000, 0x00000000f9780000, 0x0000000100000000)
  eden space 195072K, 0% used [0x00000000eb800000,0x00000000eb800000,0x00000000f7680000)
  from space 15872K, 21% used [0x00000000f7880000,0x00000000f7bdb630,0x00000000f8800000)
  to   space 12800K, 0% used [0x00000000f8b00000,0x00000000f8b00000,0x00000000f9780000)
 ParOldGen       total 135168K, used 124574K [0x00000000c2800000, 0x00000000cac00000, 0x00000000eb800000)
  object space 135168K, 92% used [0x00000000c2800000,0x00000000ca1a7a30,0x00000000cac00000)
 Metaspace       used 48692K, capacity 49070K, committed 49704K, reserved 1093632K
  class space    used 6207K, capacity 6322K, committed 6440K, reserved 1048576K
GC Heap History (10 events):
Event: 6.022 GC heap after
Heap after GC invocations=10 (full 1):
 PSYoungGen      total 132608K, used 7145K [0x00000000eb800000, 0x00000000f6280000, 0x0000000100000000)
  eden space 125440K, 0% used [0x00000000eb800000,0x00000000eb800000,0x00000000f3280000)
  from space 7168K, 99% used [0x00000000f3280000,0x00000000f397a798,0x00000000f3980000)
  to   space 9728K, 0% used [0x00000000f5900000,0x00000000f5900000,0x00000000f6280000)
 ParOldGen       total 32768K, used 14321K [0x00000000c2800000, 0x00000000c4800000, 0x00000000eb800000)
  object space 32768K, 43% used [0x00000000c2800000,0x00000000c35fc7f0,0x00000000c4800000)
 Metaspace       used 29219K, capacity 29574K, committed 29824K, reserved 1075200K
  class space    used 3604K, capacity 3706K, committed 3712K, reserved 1048576K
}
Event: 6.796 GC heap before
{Heap before GC invocations=11 (full 1):
 PSYoungGen      total 132608K, used 56456K [0x00000000eb800000, 0x00000000f6280000, 0x0000000100000000)
  eden space 125440K, 39% used [0x00000000eb800000,0x00000000ee8278e8,0x00000000f3280000)
  from space 7168K, 99% used [0x00000000f3280000,0x00000000f397a798,0x00000000f3980000)
  to   space 9728K, 0% used [0x00000000f5900000,0x00000000f5900000,0x00000000f6280000)
 ParOldGen       total 32768K, used 14321K [0x00000000c2800000, 0x00000000c4800000, 0x00000000eb800000)
  object space 32768K, 43% used [0x00000000c2800000,0x00000000c35fc7f0,0x00000000c4800000)
 Metaspace       used 35024K, capacity 35318K, committed 35496K, reserved 1081344K
  class space    used 4392K, capacity 4482K, committed 4520K, reserved 1048576K
Event: 6.814 GC heap after
Heap after GC invocations=11 (full 1):
 PSYoungGen      total 162304K, used 9705K [0x00000000eb800000, 0x00000000f7d00000, 0x0000000100000000)
  eden space 152576K, 0% used [0x00000000eb800000,0x00000000eb800000,0x00000000f4d00000)
  from space 9728K, 99% used [0x00000000f5900000,0x00000000f627a7d0,0x00000000f6280000)
  to   space 12288K, 0% used [0x00000000f4d00000,0x00000000f4d00000,0x00000000f5900000)
 ParOldGen       total 32768K, used 18145K [0x00000000c2800000, 0x00000000c4800000, 0x00000000eb800000)
  object space 32768K, 55% used [0x00000000c2800000,0x00000000c39b8760,0x00000000c4800000)
 Metaspace       used 35024K, capacity 35318K, committed 35496K, reserved 1081344K
  class space    used 4392K, capacity 4482K, committed 4520K, reserved 1048576K
}
Event: 6.814 GC heap before
{Heap before GC invocations=12 (full 2):
 PSYoungGen      total 162304K, used 9705K [0x00000000eb800000, 0x00000000f7d00000, 0x0000000100000000)
  eden space 152576K, 0% used [0x00000000eb800000,0x00000000eb800000,0x00000000f4d00000)
  from space 9728K, 99% used [0x00000000f5900000,0x00000000f627a7d0,0x00000000f6280000)
  to   space 12288K, 0% used [0x00000000f4d00000,0x00000000f4d00000,0x00000000f5900000)
 ParOldGen       total 32768K, used 18145K [0x00000000c2800000, 0x00000000c4800000, 0x00000000eb800000)
  object space 32768K, 55% used [0x00000000c2800000,0x00000000c39b8760,0x00000000c4800000)
 Metaspace       used 35024K, capacity 35318K, committed 35496K, reserved 1081344K
  class space    used 4392K, capacity 4482K, committed 4520K, reserved 1048576K
Event: 6.892 GC heap after
Heap after GC invocations=12 (full 2):
 PSYoungGen      total 162304K, used 0K [0x00000000eb800000, 0x00000000f7d00000, 0x0000000100000000)
  eden space 152576K, 0% used [0x00000000eb800000,0x00000000eb800000,0x00000000f4d00000)
  from space 9728K, 0% used [0x00000000f5900000,0x00000000f5900000,0x00000000f6280000)
  to   space 12288K, 0% used [0x00000000f4d00000,0x00000000f4d00000,0x00000000f5900000)
 ParOldGen       total 59392K, used 24256K [0x00000000c2800000, 0x00000000c6200000, 0x00000000eb800000)
  object space 59392K, 40% used [0x00000000c2800000,0x00000000c3fb0200,0x00000000c6200000)
 Metaspace       used 35024K, capacity 35318K, committed 35496K, reserved 1081344K
  class space    used 4392K, capacity 4482K, committed 4520K, reserved 1048576K
}
Event: 8.658 GC heap before
{Heap before GC invocations=13 (full 2):
 PSYoungGen      total 162304K, used 152576K [0x00000000eb800000, 0x00000000f7d00000, 0x0000000100000000)
  eden space 152576K, 100% used [0x00000000eb800000,0x00000000f4d00000,0x00000000f4d00000)
  from space 9728K, 0% used [0x00000000f5900000,0x00000000f5900000,0x00000000f6280000)
  to   space 12288K, 0% used [0x00000000f4d00000,0x00000000f4d00000,0x00000000f5900000)
 ParOldGen       total 59392K, used 24256K [0x00000000c2800000, 0x00000000c6200000, 0x00000000eb800000)
  object space 59392K, 40% used [0x00000000c2800000,0x00000000c3fb0200,0x00000000c6200000)
 Metaspace       used 44159K, capacity 44506K, committed 44968K, reserved 1089536K
  class space    used 5659K, capacity 5768K, committed 5800K, reserved 1048576K
Event: 8.682 GC heap after
Heap after GC invocations=13 (full 2):
 PSYoungGen      total 164864K, used 12283K [0x00000000eb800000, 0x00000000f9980000, 0x0000000100000000)
  eden space 152576K, 0% used [0x00000000eb800000,0x00000000eb800000,0x00000000f4d00000)
  from space 12288K, 99% used [0x00000000f4d00000,0x00000000f58fed60,0x00000000f5900000)
  to   space 14848K, 0% used [0x00000000f8b00000,0x00000000f8b00000,0x00000000f9980000)
 ParOldGen       total 59392K, used 25631K [0x00000000c2800000, 0x00000000c6200000, 0x00000000eb800000)
  object space 59392K, 43% used [0x00000000c2800000,0x00000000c4107f38,0x00000000c6200000)
 Metaspace       used 44159K, capacity 44506K, committed 44968K, reserved 1089536K
  class space    used 5659K, capacity 5768K, committed 5800K, reserved 1048576K
}
Event: 83.792 GC heap before
{Heap before GC invocations=14 (full 2):
 PSYoungGen      total 164864K, used 164859K [0x00000000eb800000, 0x00000000f9980000, 0x0000000100000000)
  eden space 152576K, 100% used [0x00000000eb800000,0x00000000f4d00000,0x00000000f4d00000)
  from space 12288K, 99% used [0x00000000f4d00000,0x00000000f58fed60,0x00000000f5900000)
  to   space 14848K, 0% used [0x00000000f8b00000,0x00000000f8b00000,0x00000000f9980000)
 ParOldGen       total 59392K, used 25631K [0x00000000c2800000, 0x00000000c6200000, 0x00000000eb800000)
  object space 59392K, 43% used [0x00000000c2800000,0x00000000c4107f38,0x00000000c6200000)
 Metaspace       used 48614K, capacity 49006K, committed 49448K, reserved 1091584K
  class space    used 6199K, capacity 6322K, committed 6440K, reserved 1048576K
Event: 83.830 GC heap after
Heap after GC invocations=14 (full 2):
 PSYoungGen      total 207872K, used 12708K [0x00000000eb800000, 0x00000000f9780000, 0x0000000100000000)
  eden space 195072K, 0% used [0x00000000eb800000,0x00000000eb800000,0x00000000f7680000)
  from space 12800K, 99% used [0x00000000f8b00000,0x00000000f97693f8,0x00000000f9780000)
  to   space 15872K, 0% used [0x00000000f7880000,0x00000000f7880000,0x00000000f8800000)
 ParOldGen       total 59392K, used 30606K [0x00000000c2800000, 0x00000000c6200000, 0x00000000eb800000)
  object space 59392K, 51% used [0x00000000c2800000,0x00000000c45e3be8,0x00000000c6200000)
 Metaspace       used 48614K, capacity 49006K, committed 49448K, reserved 1091584K
  class space    used 6199K, capacity 6322K, committed 6440K, reserved 1048576K
}
Event: 85.423 GC heap before
{Heap before GC invocations=15 (full 2):
 PSYoungGen      total 207872K, used 207780K [0x00000000eb800000, 0x00000000f9780000, 0x0000000100000000)
  eden space 195072K, 100% used [0x00000000eb800000,0x00000000f7680000,0x00000000f7680000)
  from space 12800K, 99% used [0x00000000f8b00000,0x00000000f97693f8,0x00000000f9780000)
  to   space 15872K, 0% used [0x00000000f7880000,0x00000000f7880000,0x00000000f8800000)
 ParOldGen       total 59392K, used 30606K [0x00000000c2800000, 0x00000000c6200000, 0x00000000eb800000)
  object space 59392K, 51% used [0x00000000c2800000,0x00000000c45e3be8,0x00000000c6200000)
 Metaspace       used 48692K, capacity 49070K, committed 49704K, reserved 1093632K
  class space    used 6207K, capacity 6322K, committed 6440K, reserved 1048576K

