# JRE version: Java(TM) SE Runtime Environment (8.0_131-b11) (build 1.8.0_131-b11)
# Java VM: Java HotSpot(TM) 64-Bit Server VM (25.131-b11 mixed mode linux-amd64 compressed oops)
Heap:
 PSYoungGen      total 487424K, used 0K [0x00000000e1000000, 0x0000000100000000, 0x0000000100000000)
  eden space 470528K, 0% used [0x00000000e1000000,0x00000000e1000000,0x00000000fdb80000)
  from space 16896K, 0% used [0x00000000fdb80000,0x00000000fdb80000,0x00000000fec00000)
  to   space 20480K, 0% used [0x00000000fec00000,0x00000000fec00000,0x0000000100000000)
 ParOldGen       total 460288K, used 237627K [0x00000000a3000000, 0x00000000bf180000, 0x00000000e1000000)
  object space 460288K, 51% used [0x00000000a3000000,0x00000000b180ee38,0x00000000bf180000)
 Metaspace       used 50649K, capacity 51056K, committed 51328K, reserved 1093632K
  class space    used 6319K, capacity 6427K, committed 6528K, reserved 1048576K
GC Heap History (10 events):
Event: 159.484 GC heap after
Heap after GC invocations=232 (full 10):
 PSYoungGen      total 489472K, used 6857K [0x00000000e1000000, 0x0000000100000000, 0x0000000100000000)
  eden space 470016K, 0% used [0x00000000e1000000,0x00000000e1000000,0x00000000fdb00000)
  from space 19456K, 35% used [0x00000000fed00000,0x00000000ff3b26c8,0x0000000100000000)
  to   space 18432K, 0% used [0x00000000fdb00000,0x00000000fdb00000,0x00000000fed00000)
 ParOldGen       total 366080K, used 172724K [0x00000000a3000000, 0x00000000b9580000, 0x00000000e1000000)
  object space 366080K, 47% used [0x00000000a3000000,0x00000000ad8ad000,0x00000000b9580000)
 Metaspace       used 50649K, capacity 51056K, committed 51328K, reserved 1093632K
  class space    used 6319K, capacity 6427K, committed 6528K, reserved 1048576K
}
Event: 160.236 GC heap before
{Heap before GC invocations=233 (full 10):
 PSYoungGen      total 489472K, used 451258K [0x00000000e1000000, 0x0000000100000000, 0x0000000100000000)
  eden space 470016K, 94% used [0x00000000e1000000,0x00000000fc1fc500,0x00000000fdb00000)
  from space 19456K, 35% used [0x00000000fed00000,0x00000000ff3b26c8,0x0000000100000000)
  to   space 18432K, 0% used [0x00000000fdb00000,0x00000000fdb00000,0x00000000fed00000)
 ParOldGen       total 366080K, used 172724K [0x00000000a3000000, 0x00000000b9580000, 0x00000000e1000000)
  object space 366080K, 47% used [0x00000000a3000000,0x00000000ad8ad000,0x00000000b9580000)
 Metaspace       used 50649K, capacity 51056K, committed 51328K, reserved 1093632K
  class space    used 6319K, capacity 6427K, committed 6528K, reserved 1048576K
Event: 160.246 GC heap after
Heap after GC invocations=233 (full 10):
 PSYoungGen      total 477184K, used 7028K [0x00000000e1000000, 0x00000000ffd00000, 0x0000000100000000)
  eden space 470016K, 0% used [0x00000000e1000000,0x00000000e1000000,0x00000000fdb00000)
  from space 7168K, 98% used [0x00000000fdb00000,0x00000000fe1dd370,0x00000000fe200000)
  to   space 17408K, 0% used [0x00000000fec00000,0x00000000fec00000,0x00000000ffd00000)
 ParOldGen       total 366080K, used 220320K [0x00000000a3000000, 0x00000000b9580000, 0x00000000e1000000)
  object space 366080K, 60% used [0x00000000a3000000,0x00000000b07281b0,0x00000000b9580000)
 Metaspace       used 50649K, capacity 51056K, committed 51328K, reserved 1093632K
  class space    used 6319K, capacity 6427K, committed 6528K, reserved 1048576K
}
Event: 161.409 GC heap before
{Heap before GC invocations=234 (full 10):
 PSYoungGen      total 477184K, used 418828K [0x00000000e1000000, 0x00000000ffd00000, 0x0000000100000000)
  eden space 470016K, 87% used [0x00000000e1000000,0x00000000fa225cd0,0x00000000fdb00000)
  from space 7168K, 98% used [0x00000000fdb00000,0x00000000fe1dd370,0x00000000fe200000)
  to   space 17408K, 0% used [0x00000000fec00000,0x00000000fec00000,0x00000000ffd00000)
 ParOldGen       total 366080K, used 220320K [0x00000000a3000000, 0x00000000b9580000, 0x00000000e1000000)
  object space 366080K, 60% used [0x00000000a3000000,0x00000000b07281b0,0x00000000b9580000)
 Metaspace       used 50649K, capacity 51056K, committed 51328K, reserved 1093632K
  class space    used 6319K, capacity 6427K, committed 6528K, reserved 1048576K
Event: 161.425 GC heap after
Heap after GC invocations=234 (full 10):
 PSYoungGen      total 487936K, used 6961K [0x00000000e1000000, 0x0000000100000000, 0x0000000100000000)
  eden space 470528K, 0% used [0x00000000e1000000,0x00000000e1000000,0x00000000fdb80000)
  from space 17408K, 39% used [0x00000000fec00000,0x00000000ff2cc540,0x00000000ffd00000)
  to   space 16896K, 0% used [0x00000000fdb80000,0x00000000fdb80000,0x00000000fec00000)
 ParOldGen       total 366080K, used 315513K [0x00000000a3000000, 0x00000000b9580000, 0x00000000e1000000)
  object space 366080K, 86% used [0x00000000a3000000,0x00000000b641e4f0,0x00000000b9580000)
 Metaspace       used 50649K, capacity 51056K, committed 51328K, reserved 1093632K
  class space    used 6319K, capacity 6427K, committed 6528K, reserved 1048576K
}
Event: 161.425 GC heap before
{Heap before GC invocations=235 (full 11):
 PSYoungGen      total 487936K, used 6961K [0x00000000e1000000, 0x0000000100000000, 0x0000000100000000)
  eden space 470528K, 0% used [0x00000000e1000000,0x00000000e1000000,0x00000000fdb80000)
  from space 17408K, 39% used [0x00000000fec00000,0x00000000ff2cc540,0x00000000ffd00000)
  to   space 16896K, 0% used [0x00000000fdb80000,0x00000000fdb80000,0x00000000fec00000)
 ParOldGen       total 366080K, used 315513K [0x00000000a3000000, 0x00000000b9580000, 0x00000000e1000000)
  object space 366080K, 86% used [0x00000000a3000000,0x00000000b641e4f0,0x00000000b9580000)
 Metaspace       used 50649K, capacity 51056K, committed 51328K, reserved 1093632K
  class space    used 6319K, capacity 6427K, committed 6528K, reserved 1048576K
Event: 161.508 GC heap after
Heap after GC invocations=235 (full 11):
 PSYoungGen      total 487936K, used 0K [0x00000000e1000000, 0x0000000100000000, 0x0000000100000000)
  eden space 470528K, 0% used [0x00000000e1000000,0x00000000e1000000,0x00000000fdb80000)
  from space 17408K, 0% used [0x00000000fec00000,0x00000000fec00000,0x00000000ffd00000)
  to   space 16896K, 0% used [0x00000000fdb80000,0x00000000fdb80000,0x00000000fec00000)
 ParOldGen       total 423424K, used 181143K [0x00000000a3000000, 0x00000000bcd80000, 0x00000000e1000000)
  object space 423424K, 42% used [0x00000000a3000000,0x00000000ae0e5f58,0x00000000bcd80000)
 Metaspace       used 50649K, capacity 51056K, committed 51328K, reserved 1093632K
  class space    used 6319K, capacity 6427K, committed 6528K, reserved 1048576K
}
Event: 161.932 GC heap before
{Heap before GC invocations=236 (full 11):
 PSYoungGen      total 487936K, used 470528K [0x00000000e1000000, 0x0000000100000000, 0x0000000100000000)
  eden space 470528K, 100% used [0x00000000e1000000,0x00000000fdb80000,0x00000000fdb80000)
  from space 17408K, 0% used [0x00000000fec00000,0x00000000fec00000,0x00000000ffd00000)
  to   space 16896K, 0% used [0x00000000fdb80000,0x00000000fdb80000,0x00000000fec00000)
 ParOldGen       total 423424K, used 181143K [0x00000000a3000000, 0x00000000bcd80000, 0x00000000e1000000)
  object space 423424K, 42% used [0x00000000a3000000,0x00000000ae0e5f58,0x00000000bcd80000)
 Metaspace       used 50649K, capacity 51056K, committed 51328K, reserved 1093632K
  class space    used 6319K, capacity 6427K, committed 6528K, reserved 1048576K
Event: 162.074 GC heap after
Heap after GC invocations=236 (full 11):
 PSYoungGen      total 487424K, used 16880K [0x00000000e1000000, 0x0000000100000000, 0x0000000100000000)
  eden space 470528K, 0% used [0x00000000e1000000,0x00000000e1000000,0x00000000fdb80000)
  from space 16896K, 99% used [0x00000000fdb80000,0x00000000febfc100,0x00000000fec00000)
  to   space 20480K, 0% used [0x00000000fec00000,0x00000000fec00000,0x0000000100000000)
 ParOldGen       total 460288K, used 459613K [0x00000000a3000000, 0x00000000bf180000, 0x00000000e1000000)
  object space 460288K, 99% used [0x00000000a3000000,0x00000000bf0d7488,0x00000000bf180000)
 Metaspace       used 50649K, capacity 51056K, committed 51328K, reserved 1093632K
  class space    used 6319K, capacity 6427K, committed 6528K, reserved 1048576K
}
Event: 162.074 GC heap before
{Heap before GC invocations=237 (full 12):
 PSYoungGen      total 487424K, used 16880K [0x00000000e1000000, 0x0000000100000000, 0x0000000100000000)
  eden space 470528K, 0% used [0x00000000e1000000,0x00000000e1000000,0x00000000fdb80000)
  from space 16896K, 99% used [0x00000000fdb80000,0x00000000febfc100,0x00000000fec00000)
  to   space 20480K, 0% used [0x00000000fec00000,0x00000000fec00000,0x0000000100000000)
 ParOldGen       total 460288K, used 459613K [0x00000000a3000000, 0x00000000bf180000, 0x00000000e1000000)
  object space 460288K, 99% used [0x00000000a3000000,0x00000000bf0d7488,0x00000000bf180000)
 Metaspace       used 50649K, capacity 51056K, committed 51328K, reserved 1093632K
  class space    used 6319K, capacity 6427K, committed 6528K, reserved 1048576K

