# JRE version: Java(TM) SE Runtime Environment (8.0_131-b11) (build 1.8.0_131-b11)
# Java VM: Java HotSpot(TM) 64-Bit Server VM (25.131-b11 mixed mode linux-amd64 compressed oops)
Heap:
 PSYoungGen      total 38400K, used 4090K [0x00000000f5b00000, 0x00000000f8500000, 0x0000000100000000)
  eden space 34304K, 0% used [0x00000000f5b00000,0x00000000f5b00000,0x00000000f7c80000)
  from space 4096K, 99% used [0x00000000f7c80000,0x00000000f807eb18,0x00000000f8080000)
  to   space 3584K, 0% used [0x00000000f8080000,0x00000000f8080000,0x00000000f8400000)
 ParOldGen       total 22016K, used 9558K [0x00000000e1000000, 0x00000000e2580000, 0x00000000f5b00000)
  object space 22016K, 43% used [0x00000000e1000000,0x00000000e1955bd0,0x00000000e2580000)
 Metaspace       used 19128K, capacity 19374K, committed 19584K, reserved 1067008K
  class space    used 2308K, capacity 2404K, committed 2432K, reserved 1048576K
GC Heap History (10 events):
Event: 1.939 GC heap after
Heap after GC invocations=2 (full 0):
 PSYoungGen      total 9728K, used 1008K [0x00000000f5b00000, 0x00000000f6e00000, 0x0000000100000000)
  eden space 8704K, 0% used [0x00000000f5b00000,0x00000000f5b00000,0x00000000f6380000)
  from space 1024K, 98% used [0x00000000f6480000,0x00000000f657c010,0x00000000f6580000)
  to   space 1024K, 0% used [0x00000000f6380000,0x00000000f6380000,0x00000000f6480000)
 ParOldGen       total 22016K, used 2295K [0x00000000e1000000, 0x00000000e2580000, 0x00000000f5b00000)
  object space 22016K, 10% used [0x00000000e1000000,0x00000000e123df58,0x00000000e2580000)
 Metaspace       used 7133K, capacity 7306K, committed 7552K, reserved 1056768K
  class space    used 843K, capacity 883K, committed 896K, reserved 1048576K
}
Event: 2.313 GC heap before
{Heap before GC invocations=3 (full 0):
 PSYoungGen      total 9728K, used 9712K [0x00000000f5b00000, 0x00000000f6e00000, 0x0000000100000000)
  eden space 8704K, 100% used [0x00000000f5b00000,0x00000000f6380000,0x00000000f6380000)
  from space 1024K, 98% used [0x00000000f6480000,0x00000000f657c010,0x00000000f6580000)
  to   space 1024K, 0% used [0x00000000f6380000,0x00000000f6380000,0x00000000f6480000)
 ParOldGen       total 22016K, used 2295K [0x00000000e1000000, 0x00000000e2580000, 0x00000000f5b00000)
  object space 22016K, 10% used [0x00000000e1000000,0x00000000e123df58,0x00000000e2580000)
 Metaspace       used 8400K, capacity 8522K, committed 8832K, reserved 1056768K
  class space    used 1036K, capacity 1075K, committed 1152K, reserved 1048576K
Event: 2.316 GC heap after
Heap after GC invocations=3 (full 0):
 PSYoungGen      total 9728K, used 1008K [0x00000000f5b00000, 0x00000000f6e00000, 0x0000000100000000)
  eden space 8704K, 0% used [0x00000000f5b00000,0x00000000f5b00000,0x00000000f6380000)
  from space 1024K, 98% used [0x00000000f6380000,0x00000000f647c010,0x00000000f6480000)
  to   space 1024K, 0% used [0x00000000f6d00000,0x00000000f6d00000,0x00000000f6e00000)
 ParOldGen       total 22016K, used 3336K [0x00000000e1000000, 0x00000000e2580000, 0x00000000f5b00000)
  object space 22016K, 15% used [0x00000000e1000000,0x00000000e1342290,0x00000000e2580000)
 Metaspace       used 8400K, capacity 8522K, committed 8832K, reserved 1056768K
  class space    used 1036K, capacity 1075K, committed 1152K, reserved 1048576K
}
Event: 2.620 GC heap before
{Heap before GC invocations=4 (full 0):
 PSYoungGen      total 9728K, used 9710K [0x00000000f5b00000, 0x00000000f6e00000, 0x0000000100000000)
  eden space 8704K, 99% used [0x00000000f5b00000,0x00000000f637f988,0x00000000f6380000)
  from space 1024K, 98% used [0x00000000f6380000,0x00000000f647c010,0x00000000f6480000)
  to   space 1024K, 0% used [0x00000000f6d00000,0x00000000f6d00000,0x00000000f6e00000)
 ParOldGen       total 22016K, used 3346K [0x00000000e1000000, 0x00000000e2580000, 0x00000000f5b00000)
  object space 22016K, 15% used [0x00000000e1000000,0x00000000e1344970,0x00000000e2580000)
 Metaspace       used 9960K, capacity 10090K, committed 10240K, reserved 1058816K
  class space    used 1218K, capacity 1235K, committed 1280K, reserved 1048576K
Event: 2.624 GC heap after
Heap after GC invocations=4 (full 0):
 PSYoungGen      total 18432K, used 1008K [0x00000000f5b00000, 0x00000000f6e00000, 0x0000000100000000)
  eden space 17408K, 0% used [0x00000000f5b00000,0x00000000f5b00000,0x00000000f6c00000)
  from space 1024K, 98% used [0x00000000f6d00000,0x00000000f6dfc010,0x00000000f6e00000)
  to   space 1024K, 0% used [0x00000000f6c00000,0x00000000f6c00000,0x00000000f6d00000)
 ParOldGen       total 22016K, used 4857K [0x00000000e1000000, 0x00000000e2580000, 0x00000000f5b00000)
  object space 22016K, 22% used [0x00000000e1000000,0x00000000e14be7d8,0x00000000e2580000)
 Metaspace       used 9960K, capacity 10090K, committed 10240K, reserved 1058816K
  class space    used 1218K, capacity 1235K, committed 1280K, reserved 1048576K
}
Event: 3.199 GC heap before
{Heap before GC invocations=5 (full 0):
 PSYoungGen      total 18432K, used 18416K [0x00000000f5b00000, 0x00000000f6e00000, 0x0000000100000000)
  eden space 17408K, 100% used [0x00000000f5b00000,0x00000000f6c00000,0x00000000f6c00000)
  from space 1024K, 98% used [0x00000000f6d00000,0x00000000f6dfc010,0x00000000f6e00000)
  to   space 1024K, 0% used [0x00000000f6c00000,0x00000000f6c00000,0x00000000f6d00000)
 ParOldGen       total 22016K, used 4870K [0x00000000e1000000, 0x00000000e2580000, 0x00000000f5b00000)
  object space 22016K, 22% used [0x00000000e1000000,0x00000000e14c1820,0x00000000e2580000)
 Metaspace       used 12383K, capacity 12464K, committed 12672K, reserved 1060864K
  class space    used 1520K, capacity 1556K, committed 1664K, reserved 1048576K
Event: 3.204 GC heap after
Heap after GC invocations=5 (full 0):
 PSYoungGen      total 18432K, used 1010K [0x00000000f5b00000, 0x00000000f8400000, 0x0000000100000000)
  eden space 17408K, 0% used [0x00000000f5b00000,0x00000000f5b00000,0x00000000f6c00000)
  from space 1024K, 98% used [0x00000000f6c00000,0x00000000f6cfcba0,0x00000000f6d00000)
  to   space 3584K, 0% used [0x00000000f8080000,0x00000000f8080000,0x00000000f8400000)
 ParOldGen       total 22016K, used 7664K [0x00000000e1000000, 0x00000000e2580000, 0x00000000f5b00000)
  object space 22016K, 34% used [0x00000000e1000000,0x00000000e177c230,0x00000000e2580000)
 Metaspace       used 12383K, capacity 12464K, committed 12672K, reserved 1060864K
  class space    used 1520K, capacity 1556K, committed 1664K, reserved 1048576K
}
Event: 3.893 GC heap before
{Heap before GC invocations=6 (full 0):
 PSYoungGen      total 18432K, used 18418K [0x00000000f5b00000, 0x00000000f8400000, 0x0000000100000000)
  eden space 17408K, 100% used [0x00000000f5b00000,0x00000000f6c00000,0x00000000f6c00000)
  from space 1024K, 98% used [0x00000000f6c00000,0x00000000f6cfcba0,0x00000000f6d00000)
  to   space 3584K, 0% used [0x00000000f8080000,0x00000000f8080000,0x00000000f8400000)
 ParOldGen       total 22016K, used 7664K [0x00000000e1000000, 0x00000000e2580000, 0x00000000f5b00000)
  object space 22016K, 34% used [0x00000000e1000000,0x00000000e177c230,0x00000000e2580000)
 Metaspace       used 15068K, capacity 15246K, committed 15488K, reserved 1062912K
  class space    used 1822K, capacity 1865K, committed 1920K, reserved 1048576K
Event: 3.913 GC heap after
Heap after GC invocations=6 (full 0):
 PSYoungGen      total 37888K, used 3574K [0x00000000f5b00000, 0x00000000f8500000, 0x0000000100000000)
  eden space 34304K, 0% used [0x00000000f5b00000,0x00000000f5b00000,0x00000000f7c80000)
  from space 3584K, 99% used [0x00000000f8080000,0x00000000f83fdaf0,0x00000000f8400000)
  to   space 4096K, 0% used [0x00000000f7c80000,0x00000000f7c80000,0x00000000f8080000)
 ParOldGen       total 22016K, used 7724K [0x00000000e1000000, 0x00000000e2580000, 0x00000000f5b00000)
  object space 22016K, 35% used [0x00000000e1000000,0x00000000e178b280,0x00000000e2580000)
 Metaspace       used 15068K, capacity 15246K, committed 15488K, reserved 1062912K
  class space    used 1822K, capacity 1865K, committed 1920K, reserved 1048576K
}
Event: 6.241 GC heap before
{Heap before GC invocations=7 (full 0):
 PSYoungGen      total 37888K, used 37878K [0x00000000f5b00000, 0x00000000f8500000, 0x0000000100000000)
  eden space 34304K, 100% used [0x00000000f5b00000,0x00000000f7c80000,0x00000000f7c80000)
  from space 3584K, 99% used [0x00000000f8080000,0x00000000f83fdaf0,0x00000000f8400000)
  to   space 4096K, 0% used [0x00000000f7c80000,0x00000000f7c80000,0x00000000f8080000)
 ParOldGen       total 22016K, used 7724K [0x00000000e1000000, 0x00000000e2580000, 0x00000000f5b00000)
  object space 22016K, 35% used [0x00000000e1000000,0x00000000e178b280,0x00000000e2580000)
 Metaspace       used 19128K, capacity 19374K, committed 19584K, reserved 1067008K
  class space    used 2308K, capacity 2404K, committed 2432K, reserved 1048576K

