# JRE version: Java(TM) SE Runtime Environment (8.0_131-b11) (build 1.8.0_131-b11)
# Java VM: Java HotSpot(TM) 64-Bit Server VM (25.131-b11 mixed mode linux-amd64 compressed oops)
Heap:
 PSYoungGen      total 317440K, used 0K [0x00000000e1000000, 0x0000000100000000, 0x0000000100000000)
  eden space 309248K, 0% used [0x00000000e1000000,0x00000000e1000000,0x00000000f3e00000)
  from space 8192K, 0% used [0x00000000ff800000,0x00000000ff800000,0x0000000100000000)
  to   space 99328K, 0% used [0x00000000f3e00000,0x00000000f3e00000,0x00000000f9f00000)
 ParOldGen       total 345088K, used 86631K [0x00000000a3000000, 0x00000000b8100000, 0x00000000e1000000)
  object space 345088K, 25% used [0x00000000a3000000,0x00000000a8499c08,0x00000000b8100000)
 Metaspace       used 50272K, capacity 50704K, committed 50944K, reserved 1093632K
  class space    used 6290K, capacity 6395K, committed 6400K, reserved 1048576K
GC Heap History (10 events):
Event: 54.938 GC heap after
Heap after GC invocations=105 (full 6):
 PSYoungGen      total 498688K, used 320K [0x00000000e1000000, 0x00000000ffe80000, 0x0000000100000000)
  eden space 491520K, 0% used [0x00000000e1000000,0x00000000e1000000,0x00000000ff000000)
  from space 7168K, 4% used [0x00000000ff000000,0x00000000ff050000,0x00000000ff700000)
  to   space 6656K, 0% used [0x00000000ff800000,0x00000000ff800000,0x00000000ffe80000)
 ParOldGen       total 281088K, used 189754K [0x00000000a3000000, 0x00000000b4280000, 0x00000000e1000000)
  object space 281088K, 67% used [0x00000000a3000000,0x00000000ae94ebd0,0x00000000b4280000)
 Metaspace       used 50271K, capacity 50704K, committed 50944K, reserved 1093632K
  class space    used 6290K, capacity 6395K, committed 6400K, reserved 1048576K
}
Event: 56.241 GC heap before
{Heap before GC invocations=106 (full 6):
 PSYoungGen      total 498688K, used 466080K [0x00000000e1000000, 0x00000000ffe80000, 0x0000000100000000)
  eden space 491520K, 94% used [0x00000000e1000000,0x00000000fd6d80b0,0x00000000ff000000)
  from space 7168K, 4% used [0x00000000ff000000,0x00000000ff050000,0x00000000ff700000)
  to   space 6656K, 0% used [0x00000000ff800000,0x00000000ff800000,0x00000000ffe80000)
 ParOldGen       total 281088K, used 189754K [0x00000000a3000000, 0x00000000b4280000, 0x00000000e1000000)
  object space 281088K, 67% used [0x00000000a3000000,0x00000000ae94ebd0,0x00000000b4280000)
 Metaspace       used 50272K, capacity 50704K, committed 50944K, reserved 1093632K
  class space    used 6290K, capacity 6395K, committed 6400K, reserved 1048576K
Event: 56.249 GC heap after
Heap after GC invocations=106 (full 6):
 PSYoungGen      total 500224K, used 384K [0x00000000e1000000, 0x00000000ffe80000, 0x0000000100000000)
  eden space 493568K, 0% used [0x00000000e1000000,0x00000000e1000000,0x00000000ff200000)
  from space 6656K, 5% used [0x00000000ff800000,0x00000000ff860000,0x00000000ffe80000)
  to   space 6144K, 0% used [0x00000000ff200000,0x00000000ff200000,0x00000000ff800000)
 ParOldGen       total 281088K, used 217771K [0x00000000a3000000, 0x00000000b4280000, 0x00000000e1000000)
  object space 281088K, 77% used [0x00000000a3000000,0x00000000b04aad20,0x00000000b4280000)
 Metaspace       used 50272K, capacity 50704K, committed 50944K, reserved 1093632K
  class space    used 6290K, capacity 6395K, committed 6400K, reserved 1048576K
}
Event: 56.979 GC heap before
{Heap before GC invocations=107 (full 6):
 PSYoungGen      total 500224K, used 471758K [0x00000000e1000000, 0x00000000ffe80000, 0x0000000100000000)
  eden space 493568K, 95% used [0x00000000e1000000,0x00000000fdc53a70,0x00000000ff200000)
  from space 6656K, 5% used [0x00000000ff800000,0x00000000ff860000,0x00000000ffe80000)
  to   space 6144K, 0% used [0x00000000ff200000,0x00000000ff200000,0x00000000ff800000)
 ParOldGen       total 281088K, used 217771K [0x00000000a3000000, 0x00000000b4280000, 0x00000000e1000000)
  object space 281088K, 77% used [0x00000000a3000000,0x00000000b04aad20,0x00000000b4280000)
 Metaspace       used 50272K, capacity 50704K, committed 50944K, reserved 1093632K
  class space    used 6290K, capacity 6395K, committed 6400K, reserved 1048576K
Event: 57.013 GC heap after
Heap after GC invocations=107 (full 6):
 PSYoungGen      total 499712K, used 6128K [0x00000000e1000000, 0x0000000100000000, 0x0000000100000000)
  eden space 493568K, 0% used [0x00000000e1000000,0x00000000e1000000,0x00000000ff200000)
  from space 6144K, 99% used [0x00000000ff200000,0x00000000ff7fc2f8,0x00000000ff800000)
  to   space 8192K, 0% used [0x00000000ff800000,0x00000000ff800000,0x0000000100000000)
 ParOldGen       total 334336K, used 307739K [0x00000000a3000000, 0x00000000b7680000, 0x00000000e1000000)
  object space 334336K, 92% used [0x00000000a3000000,0x00000000b5c86db8,0x00000000b7680000)
 Metaspace       used 50272K, capacity 50704K, committed 50944K, reserved 1093632K
  class space    used 6290K, capacity 6395K, committed 6400K, reserved 1048576K
}
Event: 57.013 GC heap before
{Heap before GC invocations=108 (full 7):
 PSYoungGen      total 499712K, used 6128K [0x00000000e1000000, 0x0000000100000000, 0x0000000100000000)
  eden space 493568K, 0% used [0x00000000e1000000,0x00000000e1000000,0x00000000ff200000)
  from space 6144K, 99% used [0x00000000ff200000,0x00000000ff7fc2f8,0x00000000ff800000)
  to   space 8192K, 0% used [0x00000000ff800000,0x00000000ff800000,0x0000000100000000)
 ParOldGen       total 334336K, used 307739K [0x00000000a3000000, 0x00000000b7680000, 0x00000000e1000000)
  object space 334336K, 92% used [0x00000000a3000000,0x00000000b5c86db8,0x00000000b7680000)
 Metaspace       used 50272K, capacity 50704K, committed 50944K, reserved 1093632K
  class space    used 6290K, capacity 6395K, committed 6400K, reserved 1048576K
Event: 57.148 GC heap after
Heap after GC invocations=108 (full 7):
 PSYoungGen      total 499712K, used 0K [0x00000000e1000000, 0x0000000100000000, 0x0000000100000000)
  eden space 493568K, 0% used [0x00000000e1000000,0x00000000e1000000,0x00000000ff200000)
  from space 6144K, 0% used [0x00000000ff200000,0x00000000ff200000,0x00000000ff800000)
  to   space 8192K, 0% used [0x00000000ff800000,0x00000000ff800000,0x0000000100000000)
 ParOldGen       total 345088K, used 123031K [0x00000000a3000000, 0x00000000b8100000, 0x00000000e1000000)
  object space 345088K, 35% used [0x00000000a3000000,0x00000000aa825c98,0x00000000b8100000)
 Metaspace       used 50272K, capacity 50704K, committed 50944K, reserved 1093632K
  class space    used 6290K, capacity 6395K, committed 6400K, reserved 1048576K
}
Event: 58.600 GC heap before
{Heap before GC invocations=109 (full 7):
 PSYoungGen      total 499712K, used 473551K [0x00000000e1000000, 0x0000000100000000, 0x0000000100000000)
  eden space 493568K, 95% used [0x00000000e1000000,0x00000000fde73e70,0x00000000ff200000)
  from space 6144K, 0% used [0x00000000ff200000,0x00000000ff200000,0x00000000ff800000)
  to   space 8192K, 0% used [0x00000000ff800000,0x00000000ff800000,0x0000000100000000)
 ParOldGen       total 345088K, used 123031K [0x00000000a3000000, 0x00000000b8100000, 0x00000000e1000000)
  object space 345088K, 35% used [0x00000000a3000000,0x00000000aa825c98,0x00000000b8100000)
 Metaspace       used 50272K, capacity 50704K, committed 50944K, reserved 1093632K
  class space    used 6290K, capacity 6395K, committed 6400K, reserved 1048576K
Event: 58.774 GC heap after
Heap after GC invocations=109 (full 7):
 PSYoungGen      total 317440K, used 8180K [0x00000000e1000000, 0x0000000100000000, 0x0000000100000000)
  eden space 309248K, 0% used [0x00000000e1000000,0x00000000e1000000,0x00000000f3e00000)
  from space 8192K, 99% used [0x00000000ff800000,0x00000000ffffd140,0x0000000100000000)
  to   space 99328K, 0% used [0x00000000f3e00000,0x00000000f3e00000,0x00000000f9f00000)
 ParOldGen       total 345088K, used 290841K [0x00000000a3000000, 0x00000000b8100000, 0x00000000e1000000)
  object space 345088K, 84% used [0x00000000a3000000,0x00000000b4c066e0,0x00000000b8100000)
 Metaspace       used 50272K, capacity 50704K, committed 50944K, reserved 1093632K
  class space    used 6290K, capacity 6395K, committed 6400K, reserved 1048576K
}
Event: 58.774 GC heap before
{Heap before GC invocations=110 (full 8):
 PSYoungGen      total 317440K, used 8180K [0x00000000e1000000, 0x0000000100000000, 0x0000000100000000)
  eden space 309248K, 0% used [0x00000000e1000000,0x00000000e1000000,0x00000000f3e00000)
  from space 8192K, 99% used [0x00000000ff800000,0x00000000ffffd140,0x0000000100000000)
  to   space 99328K, 0% used [0x00000000f3e00000,0x00000000f3e00000,0x00000000f9f00000)
 ParOldGen       total 345088K, used 290841K [0x00000000a3000000, 0x00000000b8100000, 0x00000000e1000000)
  object space 345088K, 84% used [0x00000000a3000000,0x00000000b4c066e0,0x00000000b8100000)
 Metaspace       used 50272K, capacity 50704K, committed 50944K, reserved 1093632K
  class space    used 6290K, capacity 6395K, committed 6400K, reserved 1048576K

