# JRE version: Java(TM) SE Runtime Environment (8.0_131-b11) (build 1.8.0_131-b11)
# Java VM: Java HotSpot(TM) 64-Bit Server VM (25.131-b11 mixed mode linux-amd64 compressed oops)
Heap:
 PSYoungGen      total 346112K, used 0K [0x00000000e1000000, 0x0000000100000000, 0x0000000100000000)
  eden space 230400K, 0% used [0x00000000e1000000,0x00000000e1000000,0x00000000ef100000)
  from space 115712K, 0% used [0x00000000f8f00000,0x00000000f8f00000,0x0000000100000000)
  to   space 138752K, 0% used [0x00000000ef100000,0x00000000ef100000,0x00000000f7880000)
 ParOldGen       total 249344K, used 86517K [0x00000000a3000000, 0x00000000b2380000, 0x00000000e1000000)
  object space 249344K, 34% used [0x00000000a3000000,0x00000000a847d670,0x00000000b2380000)
 Metaspace       used 49880K, capacity 50384K, committed 50688K, reserved 1093632K
  class space    used 6286K, capacity 6395K, committed 6400K, reserved 1048576K
GC Heap History (10 events):
Event: 29.268 GC heap after
Heap after GC invocations=30 (full 5):
 PSYoungGen      total 409088K, used 85990K [0x00000000e1000000, 0x0000000100000000, 0x0000000100000000)
  eden space 323072K, 0% used [0x00000000e1000000,0x00000000e1000000,0x00000000f4b80000)
  from space 86016K, 99% used [0x00000000f4b80000,0x00000000f9f79be8,0x00000000f9f80000)
  to   space 98816K, 0% used [0x00000000f9f80000,0x00000000f9f80000,0x0000000100000000)
 ParOldGen       total 240640K, used 188609K [0x00000000a3000000, 0x00000000b1b00000, 0x00000000e1000000)
  object space 240640K, 78% used [0x00000000a3000000,0x00000000ae8304d8,0x00000000b1b00000)
 Metaspace       used 49859K, capacity 50384K, committed 50688K, reserved 1093632K
  class space    used 6286K, capacity 6395K, committed 6400K, reserved 1048576K
}
Event: 29.276 GC heap before
{Heap before GC invocations=31 (full 6):
 PSYoungGen      total 409088K, used 85990K [0x00000000e1000000, 0x0000000100000000, 0x0000000100000000)
  eden space 323072K, 0% used [0x00000000e1000000,0x00000000e1000000,0x00000000f4b80000)
  from space 86016K, 99% used [0x00000000f4b80000,0x00000000f9f79be8,0x00000000f9f80000)
  to   space 98816K, 0% used [0x00000000f9f80000,0x00000000f9f80000,0x0000000100000000)
 ParOldGen       total 240640K, used 188609K [0x00000000a3000000, 0x00000000b1b00000, 0x00000000e1000000)
  object space 240640K, 78% used [0x00000000a3000000,0x00000000ae8304d8,0x00000000b1b00000)
 Metaspace       used 49859K, capacity 50384K, committed 50688K, reserved 1093632K
  class space    used 6286K, capacity 6395K, committed 6400K, reserved 1048576K
Event: 29.371 GC heap after
Heap after GC invocations=31 (full 6):
 PSYoungGen      total 409088K, used 0K [0x00000000e1000000, 0x0000000100000000, 0x0000000100000000)
  eden space 323072K, 0% used [0x00000000e1000000,0x00000000e1000000,0x00000000f4b80000)
  from space 86016K, 0% used [0x00000000f4b80000,0x00000000f4b80000,0x00000000f9f80000)
  to   space 98816K, 0% used [0x00000000f9f80000,0x00000000f9f80000,0x0000000100000000)
 ParOldGen       total 249344K, used 61182K [0x00000000a3000000, 0x00000000b2380000, 0x00000000e1000000)
  object space 249344K, 24% used [0x00000000a3000000,0x00000000a6bbf818,0x00000000b2380000)
 Metaspace       used 49859K, capacity 50384K, committed 50688K, reserved 1093632K
  class space    used 6286K, capacity 6395K, committed 6400K, reserved 1048576K
}
Event: 30.254 GC heap before
{Heap before GC invocations=32 (full 6):
 PSYoungGen      total 409088K, used 323072K [0x00000000e1000000, 0x0000000100000000, 0x0000000100000000)
  eden space 323072K, 100% used [0x00000000e1000000,0x00000000f4b80000,0x00000000f4b80000)
  from space 86016K, 0% used [0x00000000f4b80000,0x00000000f4b80000,0x00000000f9f80000)
  to   space 98816K, 0% used [0x00000000f9f80000,0x00000000f9f80000,0x0000000100000000)
 ParOldGen       total 249344K, used 61182K [0x00000000a3000000, 0x00000000b2380000, 0x00000000e1000000)
  object space 249344K, 24% used [0x00000000a3000000,0x00000000a6bbf818,0x00000000b2380000)
 Metaspace       used 49873K, capacity 50384K, committed 50688K, reserved 1093632K
  class space    used 6286K, capacity 6395K, committed 6400K, reserved 1048576K
Event: 30.265 GC heap after
Heap after GC invocations=32 (full 6):
 PSYoungGen      total 384512K, used 73541K [0x00000000e1000000, 0x0000000100000000, 0x0000000100000000)
  eden space 285696K, 0% used [0x00000000e1000000,0x00000000e1000000,0x00000000f2700000)
  from space 98816K, 74% used [0x00000000f9f80000,0x00000000fe7514a0,0x0000000100000000)
  to   space 111104K, 0% used [0x00000000f2700000,0x00000000f2700000,0x00000000f9380000)
 ParOldGen       total 249344K, used 61190K [0x00000000a3000000, 0x00000000b2380000, 0x00000000e1000000)
  object space 249344K, 24% used [0x00000000a3000000,0x00000000a6bc1818,0x00000000b2380000)
 Metaspace       used 49873K, capacity 50384K, committed 50688K, reserved 1093632K
  class space    used 6286K, capacity 6395K, committed 6400K, reserved 1048576K
}
Event: 31.355 GC heap before
{Heap before GC invocations=33 (full 6):
 PSYoungGen      total 384512K, used 359237K [0x00000000e1000000, 0x0000000100000000, 0x0000000100000000)
  eden space 285696K, 100% used [0x00000000e1000000,0x00000000f2700000,0x00000000f2700000)
  from space 98816K, 74% used [0x00000000f9f80000,0x00000000fe7514a0,0x0000000100000000)
  to   space 111104K, 0% used [0x00000000f2700000,0x00000000f2700000,0x00000000f9380000)
 ParOldGen       total 249344K, used 61190K [0x00000000a3000000, 0x00000000b2380000, 0x00000000e1000000)
  object space 249344K, 24% used [0x00000000a3000000,0x00000000a6bc1818,0x00000000b2380000)
 Metaspace       used 49880K, capacity 50384K, committed 50688K, reserved 1093632K
  class space    used 6286K, capacity 6395K, committed 6400K, reserved 1048576K
Event: 31.465 GC heap after
Heap after GC invocations=33 (full 6):
 PSYoungGen      total 392192K, used 106159K [0x00000000e1000000, 0x0000000100000000, 0x0000000100000000)
  eden space 285696K, 0% used [0x00000000e1000000,0x00000000e1000000,0x00000000f2700000)
  from space 106496K, 99% used [0x00000000f2700000,0x00000000f8eabe48,0x00000000f8f00000)
  to   space 115712K, 0% used [0x00000000f8f00000,0x00000000f8f00000,0x0000000100000000)
 ParOldGen       total 249344K, used 126362K [0x00000000a3000000, 0x00000000b2380000, 0x00000000e1000000)
  object space 249344K, 50% used [0x00000000a3000000,0x00000000aab66b50,0x00000000b2380000)
 Metaspace       used 49880K, capacity 50384K, committed 50688K, reserved 1093632K
  class space    used 6286K, capacity 6395K, committed 6400K, reserved 1048576K
}
Event: 32.162 GC heap before
{Heap before GC invocations=34 (full 6):
 PSYoungGen      total 392192K, used 372322K [0x00000000e1000000, 0x0000000100000000, 0x0000000100000000)
  eden space 285696K, 93% used [0x00000000e1000000,0x00000000f13ecbf8,0x00000000f2700000)
  from space 106496K, 99% used [0x00000000f2700000,0x00000000f8eabe48,0x00000000f8f00000)
  to   space 115712K, 0% used [0x00000000f8f00000,0x00000000f8f00000,0x0000000100000000)
 ParOldGen       total 249344K, used 126362K [0x00000000a3000000, 0x00000000b2380000, 0x00000000e1000000)
  object space 249344K, 50% used [0x00000000a3000000,0x00000000aab66b50,0x00000000b2380000)
 Metaspace       used 49880K, capacity 50384K, committed 50688K, reserved 1093632K
  class space    used 6286K, capacity 6395K, committed 6400K, reserved 1048576K
Event: 32.185 GC heap after
Heap after GC invocations=34 (full 6):
 PSYoungGen      total 346112K, used 98743K [0x00000000e1000000, 0x0000000100000000, 0x0000000100000000)
  eden space 230400K, 0% used [0x00000000e1000000,0x00000000e1000000,0x00000000ef100000)
  from space 115712K, 85% used [0x00000000f8f00000,0x00000000fef6dcd8,0x0000000100000000)
  to   space 138752K, 0% used [0x00000000ef100000,0x00000000ef100000,0x00000000f7880000)
 ParOldGen       total 249344K, used 224946K [0x00000000a3000000, 0x00000000b2380000, 0x00000000e1000000)
  object space 249344K, 90% used [0x00000000a3000000,0x00000000b0bac828,0x00000000b2380000)
 Metaspace       used 49880K, capacity 50384K, committed 50688K, reserved 1093632K
  class space    used 6286K, capacity 6395K, committed 6400K, reserved 1048576K
}
Event: 32.185 GC heap before
{Heap before GC invocations=35 (full 7):
 PSYoungGen      total 346112K, used 98743K [0x00000000e1000000, 0x0000000100000000, 0x0000000100000000)
  eden space 230400K, 0% used [0x00000000e1000000,0x00000000e1000000,0x00000000ef100000)
  from space 115712K, 85% used [0x00000000f8f00000,0x00000000fef6dcd8,0x0000000100000000)
  to   space 138752K, 0% used [0x00000000ef100000,0x00000000ef100000,0x00000000f7880000)
 ParOldGen       total 249344K, used 224946K [0x00000000a3000000, 0x00000000b2380000, 0x00000000e1000000)
  object space 249344K, 90% used [0x00000000a3000000,0x00000000b0bac828,0x00000000b2380000)
 Metaspace       used 49880K, capacity 50384K, committed 50688K, reserved 1093632K
  class space    used 6286K, capacity 6395K, committed 6400K, reserved 1048576K

